<?xml version="1.0" encoding="UTF-8"?>
<!-- Generated by org.testng.reporters.JUnitReportReporter -->
<testsuite skipped="0" hostname="LAPTOP-KR2Q4MNQ" name="com.linkedin1.qa.tests.LoginPageTest" tests="3" failures="0" timestamp="28 Apr 2018 15:41:33 GMT" time="40.958" errors="0">
  <testcase name="verifyLoginPageTitleTest" time="22.443" classname="com.linkedin1.qa.tests.LoginPageTest"/>
  <testcase name="verifyLoginPageLogo" time="8.967" classname="com.linkedin1.qa.tests.LoginPageTest"/>
  <testcase name="loginTest" time="9.548" classname="com.linkedin1.qa.tests.LoginPageTest"/>
</testsuite> <!-- com.linkedin1.qa.tests.LoginPageTest -->
