<?xml version="1.0" encoding="UTF-8"?>
<!-- Generated by org.testng.reporters.JUnitReportReporter -->
<testsuite skipped="0" hostname="LAPTOP-KR2Q4MNQ" name="com.linkedin1.qa.tests.LoginPageTest" tests="3" failures="0" timestamp="29 Apr 2018 21:25:49 GMT" time="27.943" errors="0">
  <testcase name="verifyLoginPageTitleTest" time="9.772" classname="com.linkedin1.qa.tests.LoginPageTest"/>
  <testcase name="verifyLoginPageLogo" time="8.501" classname="com.linkedin1.qa.tests.LoginPageTest"/>
  <testcase name="loginTest" time="9.670" classname="com.linkedin1.qa.tests.LoginPageTest"/>
</testsuite> <!-- com.linkedin1.qa.tests.LoginPageTest -->
